# JRE version: OpenJDK Runtime Environment Temurin-21.0.9+10 (21.0.9+10) (build 21.0.9+10-LTS)
# Java VM: OpenJDK 64-Bit Server VM Temurin-21.0.9+10 (21.0.9+10-LTS, mixed mode, sharing, tiered, compressed oops, compressed class ptrs, parallel gc, windows-amd64)
GC Precious Log:
 CardTable entry size: 512
 CPUs: 4 total, 4 available
 Memory: 8123M
 Large Page Support: Disabled
 NUMA Support: Disabled
 Compressed Oops: Enabled (32-bit)
 Alignments: Space 512K, Generation 512K, Heap 2M
 Heap Min Capacity: 100M
 Heap Initial Capacity: 100M
 Heap Max Capacity: 2G
 Pre-touch: Disabled
 Parallel Workers: 4
Heap:
 PSYoungGen      total 16896K, used 15583K [0x00000000d5580000, 0x00000000d6880000, 0x0000000100000000)
  eden space 16384K, 92% used [0x00000000d5580000,0x00000000d643e190,0x00000000d6580000)
  from space 512K, 95% used [0x00000000d6800000,0x00000000d6879a98,0x00000000d6880000)
  to   space 1024K, 0% used [0x00000000d6680000,0x00000000d6680000,0x00000000d6780000)
 ParOldGen       total 906752K, used 906354K [0x0000000080000000, 0x00000000b7580000, 0x00000000d5580000)
  object space 906752K, 99% used [0x0000000080000000,0x00000000b751ca48,0x00000000b7580000)
 Metaspace       used 94232K, committed 95872K, reserved 1179648K
  class space    used 9174K, committed 9984K, reserved 1048576K
GC Heap History (20 events):
Event: 5204.391 GC heap before
{Heap before GC invocations=5727 (full 11):
 PSYoungGen      total 9216K, used 8232K [0x00000000d5580000, 0x00000000d6980000, 0x0000000100000000)
  eden space 8704K, 88% used [0x00000000d5580000,0x00000000d5d0a140,0x00000000d5e00000)
  from space 512K, 100% used [0x00000000d6900000,0x00000000d6980000,0x00000000d6980000)
  to   space 1024K, 0% used [0x00000000d6780000,0x00000000d6780000,0x00000000d6880000)
 ParOldGen       total 897024K, used 896685K [0x0000000080000000, 0x00000000b6c00000, 0x00000000d5580000)
  object space 897024K, 99% used [0x0000000080000000,0x00000000b6bab5c0,0x00000000b6c00000)
 Metaspace       used 94220K, committed 95872K, reserved 1179648K
  class space    used 9170K, committed 9984K, reserved 1048576K
}
Event: 5204.394 GC heap after
{Heap after GC invocations=5727 (full 11):
 PSYoungGen      total 9728K, used 378K [0x00000000d5580000, 0x00000000d6980000, 0x0000000100000000)
  eden space 8704K, 0% used [0x00000000d5580000,0x00000000d5580000,0x00000000d5e00000)
  from space 1024K, 36% used [0x00000000d6780000,0x00000000d67de900,0x00000000d6880000)
  to   space 512K, 0% used [0x00000000d6900000,0x00000000d6900000,0x00000000d6980000)
 ParOldGen       total 897536K, used 897197K [0x0000000080000000, 0x00000000b6c80000, 0x00000000d5580000)
  object space 897536K, 99% used [0x0000000080000000,0x00000000b6c2b5c0,0x00000000b6c80000)
 Metaspace       used 94220K, committed 95872K, reserved 1179648K
  class space    used 9170K, committed 9984K, reserved 1048576K
}
Event: 5204.409 GC heap before
{Heap before GC invocations=5728 (full 11):
 PSYoungGen      total 9728K, used 8570K [0x00000000d5580000, 0x00000000d6980000, 0x0000000100000000)
  eden space 8704K, 94% used [0x00000000d5580000,0x00000000d5d80188,0x00000000d5e00000)
  from space 1024K, 36% used [0x00000000d6780000,0x00000000d67de900,0x00000000d6880000)
  to   space 512K, 0% used [0x00000000d6900000,0x00000000d6900000,0x00000000d6980000)
 ParOldGen       total 897536K, used 897197K [0x0000000080000000, 0x00000000b6c80000, 0x00000000d5580000)
  object space 897536K, 99% used [0x0000000080000000,0x00000000b6c2b5c0,0x00000000b6c80000)
 Metaspace       used 94220K, committed 95872K, reserved 1179648K
  class space    used 9170K, committed 9984K, reserved 1048576K
}
Event: 5204.411 GC heap after
{Heap after GC invocations=5728 (full 11):
 PSYoungGen      total 9216K, used 128K [0x00000000d5580000, 0x00000000d6980000, 0x0000000100000000)
  eden space 8704K, 0% used [0x00000000d5580000,0x00000000d5580000,0x00000000d5e00000)
  from space 512K, 25% used [0x00000000d6900000,0x00000000d6920000,0x00000000d6980000)
  to   space 512K, 0% used [0x00000000d6880000,0x00000000d6880000,0x00000000d6900000)
 ParOldGen       total 897536K, used 897512K [0x0000000080000000, 0x00000000b6c80000, 0x00000000d5580000)
  object space 897536K, 99% used [0x0000000080000000,0x00000000b6c7a140,0x00000000b6c80000)
 Metaspace       used 94220K, committed 95872K, reserved 1179648K
  class space    used 9170K, committed 9984K, reserved 1048576K
}
Event: 5204.423 GC heap before
{Heap before GC invocations=5729 (full 11):
 PSYoungGen      total 9216K, used 8832K [0x00000000d5580000, 0x00000000d6980000, 0x0000000100000000)
  eden space 8704K, 100% used [0x00000000d5580000,0x00000000d5e00000,0x00000000d5e00000)
  from space 512K, 25% used [0x00000000d6900000,0x00000000d6920000,0x00000000d6980000)
  to   space 512K, 0% used [0x00000000d6880000,0x00000000d6880000,0x00000000d6900000)
 ParOldGen       total 897536K, used 897512K [0x0000000080000000, 0x00000000b6c80000, 0x00000000d5580000)
  object space 897536K, 99% used [0x0000000080000000,0x00000000b6c7a140,0x00000000b6c80000)
 Metaspace       used 94220K, committed 95872K, reserved 1179648K
  class space    used 9170K, committed 9984K, reserved 1048576K
}
Event: 5204.426 GC heap after
{Heap after GC invocations=5729 (full 11):
 PSYoungGen      total 9216K, used 224K [0x00000000d5580000, 0x00000000d6980000, 0x0000000100000000)
  eden space 8704K, 0% used [0x00000000d5580000,0x00000000d5580000,0x00000000d5e00000)
  from space 512K, 43% used [0x00000000d6880000,0x00000000d68b8000,0x00000000d6900000)
  to   space 512K, 0% used [0x00000000d6900000,0x00000000d6900000,0x00000000d6980000)
 ParOldGen       total 898048K, used 897536K [0x0000000080000000, 0x00000000b6d00000, 0x00000000d5580000)
  object space 898048K, 99% used [0x0000000080000000,0x00000000b6c80140,0x00000000b6d00000)
 Metaspace       used 94220K, committed 95872K, reserved 1179648K
  class space    used 9170K, committed 9984K, reserved 1048576K
}
Event: 5204.438 GC heap before
{Heap before GC invocations=5730 (full 11):
 PSYoungGen      total 9216K, used 7796K [0x00000000d5580000, 0x00000000d6980000, 0x0000000100000000)
  eden space 8704K, 86% used [0x00000000d5580000,0x00000000d5ce5068,0x00000000d5e00000)
  from space 512K, 43% used [0x00000000d6880000,0x00000000d68b8000,0x00000000d6900000)
  to   space 512K, 0% used [0x00000000d6900000,0x00000000d6900000,0x00000000d6980000)
 ParOldGen       total 898048K, used 897536K [0x0000000080000000, 0x00000000b6d00000, 0x00000000d5580000)
  object space 898048K, 99% used [0x0000000080000000,0x00000000b6c80140,0x00000000b6d00000)
 Metaspace       used 94220K, committed 95872K, reserved 1179648K
  class space    used 9170K, committed 9984K, reserved 1048576K
}
Event: 5204.441 GC heap after
{Heap after GC invocations=5730 (full 11):
 PSYoungGen      total 9216K, used 506K [0x00000000d5580000, 0x00000000d6980000, 0x0000000100000000)
  eden space 8704K, 0% used [0x00000000d5580000,0x00000000d5580000,0x00000000d5e00000)
  from space 512K, 98% used [0x00000000d6900000,0x00000000d697e900,0x00000000d6980000)
  to   space 1536K, 0% used [0x00000000d6680000,0x00000000d6680000,0x00000000d6800000)
 ParOldGen       total 898560K, used 898224K [0x0000000080000000, 0x00000000b6d80000, 0x00000000d5580000)
  object space 898560K, 99% used [0x0000000080000000,0x00000000b6d2c068,0x00000000b6d80000)
 Metaspace       used 94220K, committed 95872K, reserved 1179648K
  class space    used 9170K, committed 9984K, reserved 1048576K
}
Event: 5204.452 GC heap before
{Heap before GC invocations=5731 (full 11):
 PSYoungGen      total 9216K, used 8698K [0x00000000d5580000, 0x00000000d6980000, 0x0000000100000000)
  eden space 8704K, 94% used [0x00000000d5580000,0x00000000d5d801c8,0x00000000d5e00000)
  from space 512K, 98% used [0x00000000d6900000,0x00000000d697e900,0x00000000d6980000)
  to   space 1536K, 0% used [0x00000000d6680000,0x00000000d6680000,0x00000000d6800000)
 ParOldGen       total 898560K, used 898224K [0x0000000080000000, 0x00000000b6d80000, 0x00000000d5580000)
  object space 898560K, 99% used [0x0000000080000000,0x00000000b6d2c068,0x00000000b6d80000)
 Metaspace       used 94220K, committed 95872K, reserved 1179648K
  class space    used 9170K, committed 9984K, reserved 1048576K
}
Event: 5204.455 GC heap after
{Heap after GC invocations=5731 (full 11):
 PSYoungGen      total 10240K, used 128K [0x00000000d5580000, 0x00000000d6980000, 0x0000000100000000)
  eden space 8704K, 0% used [0x00000000d5580000,0x00000000d5580000,0x00000000d5e00000)
  from space 1536K, 8% used [0x00000000d6680000,0x00000000d66a0000,0x00000000d6800000)
  to   space 1024K, 0% used [0x00000000d6880000,0x00000000d6880000,0x00000000d6980000)
 ParOldGen       total 899072K, used 898751K [0x0000000080000000, 0x00000000b6e00000, 0x00000000d5580000)
  object space 899072K, 99% used [0x0000000080000000,0x00000000b6dafee8,0x00000000b6e00000)
 Metaspace       used 94220K, committed 95872K, reserved 1179648K
  class space    used 9170K, committed 9984K, reserved 1048576K
}
Event: 5204.467 GC heap before
{Heap before GC invocations=5732 (full 11):
 PSYoungGen      total 10240K, used 8832K [0x00000000d5580000, 0x00000000d6980000, 0x0000000100000000)
  eden space 8704K, 100% used [0x00000000d5580000,0x00000000d5e00000,0x00000000d5e00000)
  from space 1536K, 8% used [0x00000000d6680000,0x00000000d66a0000,0x00000000d6800000)
  to   space 1024K, 0% used [0x00000000d6880000,0x00000000d6880000,0x00000000d6980000)
 ParOldGen       total 899072K, used 898751K [0x0000000080000000, 0x00000000b6e00000, 0x00000000d5580000)
  object space 899072K, 99% used [0x0000000080000000,0x00000000b6dafee8,0x00000000b6e00000)
 Metaspace       used 94220K, committed 95872K, reserved 1179648K
  class space    used 9170K, committed 9984K, reserved 1048576K
}
Event: 5204.469 GC heap after
{Heap after GC invocations=5732 (full 11):
 PSYoungGen      total 9216K, used 224K [0x00000000d5580000, 0x00000000d6900000, 0x0000000100000000)
  eden space 8704K, 0% used [0x00000000d5580000,0x00000000d5580000,0x00000000d5e00000)
  from space 512K, 43% used [0x00000000d6880000,0x00000000d68b8000,0x00000000d6900000)
  to   space 512K, 0% used [0x00000000d6800000,0x00000000d6800000,0x00000000d6880000)
 ParOldGen       total 899072K, used 898775K [0x0000000080000000, 0x00000000b6e00000, 0x00000000d5580000)
  object space 899072K, 99% used [0x0000000080000000,0x00000000b6db5ee8,0x00000000b6e00000)
 Metaspace       used 94220K, committed 95872K, reserved 1179648K
  class space    used 9170K, committed 9984K, reserved 1048576K
}
Event: 5204.481 GC heap before
{Heap before GC invocations=5733 (full 11):
 PSYoungGen      total 9216K, used 8813K [0x00000000d5580000, 0x00000000d6900000, 0x0000000100000000)
  eden space 8704K, 98% used [0x00000000d5580000,0x00000000d5de3638,0x00000000d5e00000)
  from space 512K, 43% used [0x00000000d6880000,0x00000000d68b8000,0x00000000d6900000)
  to   space 512K, 0% used [0x00000000d6800000,0x00000000d6800000,0x00000000d6880000)
 ParOldGen       total 899072K, used 898775K [0x0000000080000000, 0x00000000b6e00000, 0x00000000d5580000)
  object space 899072K, 99% used [0x0000000080000000,0x00000000b6db5ee8,0x00000000b6e00000)
 Metaspace       used 94220K, committed 95872K, reserved 1179648K
  class space    used 9170K, committed 9984K, reserved 1048576K
}
Event: 5204.486 GC heap after
{Heap after GC invocations=5733 (full 11):
 PSYoungGen      total 11264K, used 512K [0x00000000d5580000, 0x00000000d6900000, 0x0000000100000000)
  eden space 10752K, 0% used [0x00000000d5580000,0x00000000d5580000,0x00000000d6000000)
  from space 512K, 100% used [0x00000000d6800000,0x00000000d6880000,0x00000000d6880000)
  to   space 512K, 0% used [0x00000000d6880000,0x00000000d6880000,0x00000000d6900000)
 ParOldGen       total 902144K, used 902065K [0x0000000080000000, 0x00000000b7100000, 0x00000000d5580000)
  object space 902144K, 99% used [0x0000000080000000,0x00000000b70ec498,0x00000000b7100000)
 Metaspace       used 94220K, committed 95872K, reserved 1179648K
  class space    used 9170K, committed 9984K, reserved 1048576K
}
Event: 5204.503 GC heap before
{Heap before GC invocations=5734 (full 11):
 PSYoungGen      total 11264K, used 10087K [0x00000000d5580000, 0x00000000d6900000, 0x0000000100000000)
  eden space 10752K, 89% used [0x00000000d5580000,0x00000000d5ed9c60,0x00000000d6000000)
  from space 512K, 100% used [0x00000000d6800000,0x00000000d6880000,0x00000000d6880000)
  to   space 512K, 0% used [0x00000000d6880000,0x00000000d6880000,0x00000000d6900000)
 ParOldGen       total 902144K, used 902065K [0x0000000080000000, 0x00000000b7100000, 0x00000000d5580000)
  object space 902144K, 99% used [0x0000000080000000,0x00000000b70ec498,0x00000000b7100000)
 Metaspace       used 94220K, committed 95872K, reserved 1179648K
  class space    used 9170K, committed 9984K, reserved 1048576K
}
Event: 5204.506 GC heap after
{Heap after GC invocations=5734 (full 11):
 PSYoungGen      total 11264K, used 256K [0x00000000d5580000, 0x00000000d6900000, 0x0000000100000000)
  eden space 10752K, 0% used [0x00000000d5580000,0x00000000d5580000,0x00000000d6000000)
  from space 512K, 50% used [0x00000000d6880000,0x00000000d68c0000,0x00000000d6900000)
  to   space 1536K, 0% used [0x00000000d6600000,0x00000000d6600000,0x00000000d6780000)
 ParOldGen       total 902656K, used 902561K [0x0000000080000000, 0x00000000b7180000, 0x00000000d5580000)
  object space 902656K, 99% used [0x0000000080000000,0x00000000b7168498,0x00000000b7180000)
 Metaspace       used 94220K, committed 95872K, reserved 1179648K
  class space    used 9170K, committed 9984K, reserved 1048576K
}
Event: 5204.524 GC heap before
{Heap before GC invocations=5735 (full 11):
 PSYoungGen      total 11264K, used 10591K [0x00000000d5580000, 0x00000000d6900000, 0x0000000100000000)
  eden space 10752K, 96% used [0x00000000d5580000,0x00000000d5f97ed0,0x00000000d6000000)
  from space 512K, 50% used [0x00000000d6880000,0x00000000d68c0000,0x00000000d6900000)
  to   space 1536K, 0% used [0x00000000d6600000,0x00000000d6600000,0x00000000d6780000)
 ParOldGen       total 902656K, used 902561K [0x0000000080000000, 0x00000000b7180000, 0x00000000d5580000)
  object space 902656K, 99% used [0x0000000080000000,0x00000000b7168498,0x00000000b7180000)
 Metaspace       used 94220K, committed 95872K, reserved 1179648K
  class space    used 9170K, committed 9984K, reserved 1048576K
}
Event: 5204.529 GC heap after
{Heap after GC invocations=5735 (full 11):
 PSYoungGen      total 14848K, used 730K [0x00000000d5580000, 0x00000000d6900000, 0x0000000100000000)
  eden space 13312K, 0% used [0x00000000d5580000,0x00000000d5580000,0x00000000d6280000)
  from space 1536K, 47% used [0x00000000d6600000,0x00000000d66b6900,0x00000000d6780000)
  to   space 1024K, 0% used [0x00000000d6800000,0x00000000d6800000,0x00000000d6900000)
 ParOldGen       total 903168K, used 902713K [0x0000000080000000, 0x00000000b7200000, 0x00000000d5580000)
  object space 903168K, 99% used [0x0000000080000000,0x00000000b718e498,0x00000000b7200000)
 Metaspace       used 94220K, committed 95872K, reserved 1179648K
  class space    used 9170K, committed 9984K, reserved 1048576K
}
Event: 5204.550 GC heap before
{Heap before GC invocations=5736 (full 11):
 PSYoungGen      total 14848K, used 14042K [0x00000000d5580000, 0x00000000d6900000, 0x0000000100000000)
  eden space 13312K, 100% used [0x00000000d5580000,0x00000000d6280000,0x00000000d6280000)
  from space 1536K, 47% used [0x00000000d6600000,0x00000000d66b6900,0x00000000d6780000)
  to   space 1024K, 0% used [0x00000000d6800000,0x00000000d6800000,0x00000000d6900000)
 ParOldGen       total 903168K, used 902713K [0x0000000080000000, 0x00000000b7200000, 0x00000000d5580000)
  object space 903168K, 99% used [0x0000000080000000,0x00000000b718e498,0x00000000b7200000)
 Metaspace       used 94220K, committed 95872K, reserved 1179648K
  class space    used 9170K, committed 9984K, reserved 1048576K
}
Event: 5204.556 GC heap after
{Heap after GC invocations=5736 (full 11):
 PSYoungGen      total 16896K, used 486K [0x00000000d5580000, 0x00000000d6880000, 0x0000000100000000)
  eden space 16384K, 0% used [0x00000000d5580000,0x00000000d5580000,0x00000000d6580000)
  from space 512K, 95% used [0x00000000d6800000,0x00000000d6879a98,0x00000000d6880000)
  to   space 1024K, 0% used [0x00000000d6680000,0x00000000d6680000,0x00000000d6780000)
 ParOldGen       total 906752K, used 906354K [0x0000000080000000, 0x00000000b7580000, 0x00000000d5580000)
  object space 906752K, 99% used [0x0000000080000000,0x00000000b751ca48,0x00000000b7580000)
 Metaspace       used 94220K, committed 95872K, reserved 1179648K
  class space    used 9170K, committed 9984K, reserved 1048576K
}

